#
# There is insufficient memory for the Java Runtime Environment to continue.
# Native memory allocation (mmap) failed to map 5242880 bytes for G1 virtual space
# Possible reasons:
#   The system is out of physical RAM or swap space
#   The process is running with CompressedOops enabled, and the Java Heap may be blocking the growth of the native heap
# Possible solutions:
#   Reduce memory load on the system
#   Increase physical memory or swap space
#   Check if swap backing store is full
#   Decrease Java heap size (-Xmx/-Xms)
#   Decrease number of Java threads
#   Decrease Java thread stack sizes (-Xss)
#   Set larger code cache with -XX:ReservedCodeCacheSize=
#   JVM is running with Unscaled Compressed Oops mode in which the Java heap is
#     placed in the first 4GB address space. The Java Heap base address is the
#     maximum limit for the native heap growth. Please use -XX:HeapBaseMinAddress
#     to set the Java Heap base and to place the Java Heap above 4GB virtual address.
# This output file may be truncated or incomplete.
#
#  Out of Memory Error (os_windows.cpp:3541), pid=13048, tid=11932
#
# JRE version: Java(TM) SE Runtime Environment (17.0.5+9) (build 17.0.5+9-LTS-191)
# Java VM: Java HotSpot(TM) 64-Bit Server VM (17.0.5+9-LTS-191, mixed mode, emulated-client, sharing, tiered, compressed oops, compressed class ptrs, g1 gc, windows-amd64)
# No core dump will be written. Minidumps are not enabled by default on client versions of Windows
#

---------------  S U M M A R Y ------------

Command Line: -Dcom.sun.management.jmxremote -Dcom.sun.management.jmxremote.port=64265 -Dcom.sun.management.jmxremote.authenticate=false -Dcom.sun.management.jmxremote.ssl=false -Djava.rmi.server.hostname=localhost -Dspring.jmx.enabled=true -Dmanagement.endpoints.jmx.exposure.include=* -Dspring.application.admin.enabled=true -XX:TieredStopAtLevel=1 -Dspring.boot.project.name=06- cambio-service -Dfile.encoding=UTF-8 -XX:+ShowCodeDetailsInExceptionMessages cambioservice.Application --spring.output.ansi.enabled=always

Host: Intel(R) Core(TM) i5-7200U CPU @ 2.50GHz, 4 cores, 7G,  Windows 10 , 64 bit Build 19041 (10.0.19041.2364)
Time: Fri Feb 10 15:10:00 2023 Hora oficial do Brasil elapsed time: 31.595181 seconds (0d 0h 0m 31s)

---------------  T H R E A D  ---------------

Current thread (0x000001d192962840):  VMThread "VM Thread" [stack: 0x000000bebc300000,0x000000bebc400000] [id=11932]

Stack: [0x000000bebc300000,0x000000bebc400000]
Native frames: (J=compiled Java code, j=interpreted, Vv=VM code, C=native code)
V  [jvm.dll+0x672eea]
V  [jvm.dll+0x7d2a04]
V  [jvm.dll+0x7d41ae]
V  [jvm.dll+0x7d4813]
V  [jvm.dll+0x242c15]
V  [jvm.dll+0x66fe09]
V  [jvm.dll+0x664682]
V  [jvm.dll+0x300e8b]
V  [jvm.dll+0x308426]
V  [jvm.dll+0x357ffe]
V  [jvm.dll+0x35822f]
V  [jvm.dll+0x2d80a8]
V  [jvm.dll+0x2db126]
V  [jvm.dll+0x2e5778]
V  [jvm.dll+0x319600]
V  [jvm.dll+0x7d8ceb]
V  [jvm.dll+0x7d9a24]
V  [jvm.dll+0x7d9f3c]
V  [jvm.dll+0x7da314]
V  [jvm.dll+0x7da3e0]
V  [jvm.dll+0x782b4a]
V  [jvm.dll+0x671d75]
C  [ucrtbase.dll+0x21bb2]
C  [KERNEL32.DLL+0x17614]
C  [ntdll.dll+0x526a1]

VM_Operation (0x000000bebbfffa40): G1Concurrent, mode: safepoint, requested by thread 0x000001d1ffee35b0


---------------  P R O C E S S  ---------------

Threads class SMR info:
_java_thread_list=0x000001d1980205e0, length=25, elements={
0x000001d1ffe78000, 0x000001d1929673a0, 0x000001d192968a00, 0x000001d19297bc30,
0x000001d19297c650, 0x000001d19297df20, 0x000001d19297e7e0, 0x000001d19297f0a0,
0x000001d1929b3dc0, 0x000001d1929508f0, 0x000001d19356e030, 0x000001d193c64cd0,
0x000001d193c6ee80, 0x000001d193c6c6e0, 0x000001d1929a8520, 0x000001d194c07270,
0x000001d193e71530, 0x000001d193e71a00, 0x000001d194d533d0, 0x000001d194d52f00,
0x000001d194d52a30, 0x000001d194d4fa10, 0x000001d194d51220, 0x000001d194d51bc0,
0x000001d194d50880
}

Java Threads: ( => current thread )
  0x000001d1ffe78000 JavaThread "main" [_thread_blocked, id=7780, stack(0x000000bebbd00000,0x000000bebbe00000)]
  0x000001d1929673a0 JavaThread "Reference Handler" daemon [_thread_blocked, id=9780, stack(0x000000bebc400000,0x000000bebc500000)]
  0x000001d192968a00 JavaThread "Finalizer" daemon [_thread_blocked, id=6208, stack(0x000000bebc500000,0x000000bebc600000)]
  0x000001d19297bc30 JavaThread "Signal Dispatcher" daemon [_thread_blocked, id=9708, stack(0x000000bebc600000,0x000000bebc700000)]
  0x000001d19297c650 JavaThread "Attach Listener" daemon [_thread_blocked, id=7448, stack(0x000000bebc700000,0x000000bebc800000)]
  0x000001d19297df20 JavaThread "Service Thread" daemon [_thread_blocked, id=6384, stack(0x000000bebc800000,0x000000bebc900000)]
  0x000001d19297e7e0 JavaThread "Monitor Deflation Thread" daemon [_thread_blocked, id=7412, stack(0x000000bebc900000,0x000000bebca00000)]
  0x000001d19297f0a0 JavaThread "C1 CompilerThread0" daemon [_thread_blocked, id=2296, stack(0x000000bebca00000,0x000000bebcb00000)]
  0x000001d1929b3dc0 JavaThread "Sweeper thread" daemon [_thread_blocked, id=11856, stack(0x000000bebcb00000,0x000000bebcc00000)]
  0x000001d1929508f0 JavaThread "Common-Cleaner" daemon [_thread_blocked, id=11532, stack(0x000000bebcc00000,0x000000bebcd00000)]
  0x000001d19356e030 JavaThread "Notification Thread" daemon [_thread_blocked, id=8848, stack(0x000000bebcf00000,0x000000bebd000000)]
  0x000001d193c64cd0 JavaThread "RMI TCP Accept-0" daemon [_thread_in_native, id=5072, stack(0x000000bebd400000,0x000000bebd500000)]
  0x000001d193c6ee80 JavaThread "RMI TCP Accept-64265" daemon [_thread_in_native, id=5556, stack(0x000000bebd500000,0x000000bebd600000)]
  0x000001d193c6c6e0 JavaThread "RMI TCP Accept-0" daemon [_thread_in_native, id=8388, stack(0x000000bebd600000,0x000000bebd700000)]
  0x000001d1929a8520 JavaThread "RMI TCP Connection(1)-127.0.0.1" daemon [_thread_in_native, id=2400, stack(0x000000bebd800000,0x000000bebd900000)]
  0x000001d194c07270 JavaThread "RMI Scheduler(0)" daemon [_thread_blocked, id=5024, stack(0x000000bebd900000,0x000000bebda00000)]
  0x000001d193e71530 JavaThread "RMI TCP Connection(2)-127.0.0.1" daemon [_thread_in_native, id=11648, stack(0x000000bebda00000,0x000000bebdb00000)]
  0x000001d193e71a00 JavaThread "JMX server connection timeout 25" daemon [_thread_blocked, id=5468, stack(0x000000bebdb00000,0x000000bebdc00000)]
  0x000001d194d533d0 JavaThread "Catalina-utility-1" [_thread_blocked, id=4996, stack(0x000000bebdc00000,0x000000bebdd00000)]
  0x000001d194d52f00 JavaThread "Catalina-utility-2" [_thread_blocked, id=11260, stack(0x000000bebdd00000,0x000000bebde00000)]
  0x000001d194d52a30 JavaThread "container-0" [_thread_blocked, id=10540, stack(0x000000bebde00000,0x000000bebdf00000)]
  0x000001d194d4fa10 JavaThread "mysql-cj-abandoned-connection-cleanup" daemon [_thread_blocked, id=1548, stack(0x000000bebdf00000,0x000000bebe000000)]
  0x000001d194d51220 JavaThread "HikariPool-1 housekeeper" daemon [_thread_blocked, id=4300, stack(0x000000bebe000000,0x000000bebe100000)]
  0x000001d194d51bc0 JavaThread "spring.cloud.inetutils" daemon [_thread_blocked, id=6692, stack(0x000000bebcd00000,0x000000bebce00000)]
  0x000001d194d50880 JavaThread "AsyncResolver-bootstrap-0" daemon [_thread_blocked, id=8804, stack(0x000000bebe200000,0x000000bebe300000)]

Other Threads:
=>0x000001d192962840 VMThread "VM Thread" [stack: 0x000000bebc300000,0x000000bebc400000] [id=11932]
  0x000001d193c6cbb0 WatcherThread [stack: 0x000000bebd700000,0x000000bebd800000] [id=9068]
  0x000001d1ffed2a60 GCTaskThread "GC Thread#0" [stack: 0x000000bebbe00000,0x000000bebbf00000] [id=8336]
  0x000001d193c1da00 GCTaskThread "GC Thread#1" [stack: 0x000000bebd000000,0x000000bebd100000] [id=11076]
  0x000001d193c1dcb0 GCTaskThread "GC Thread#2" [stack: 0x000000bebd100000,0x000000bebd200000] [id=1724]
  0x000001d193c3dd60 GCTaskThread "GC Thread#3" [stack: 0x000000bebd200000,0x000000bebd300000] [id=2848]
  0x000001d1ffee35b0 ConcurrentGCThread "G1 Main Marker" [stack: 0x000000bebbf00000,0x000000bebc000000] [id=7024]
  0x000001d1ffee47b0 ConcurrentGCThread "G1 Conc#0" [stack: 0x000000bebc000000,0x000000bebc100000] [id=11940]
  0x000001d1fff38dc0 ConcurrentGCThread "G1 Refine#0" [stack: 0x000000bebc100000,0x000000bebc200000] [id=13304]
  0x000001d193c3d9a0 ConcurrentGCThread "G1 Refine#1" [stack: 0x000000bebd300000,0x000000bebd400000] [id=6860]
  0x000001d1fff396f0 ConcurrentGCThread "G1 Service" [stack: 0x000000bebc200000,0x000000bebc300000] [id=10584]

Threads with active compile tasks:

VM state: at safepoint (normal execution)

VM Mutex/Monitor currently owned by a thread:  ([mutex/lock_event])
[0x000001d1ffe735c0] Threads_lock - owner thread: 0x000001d192962840
[0x000001d1ffe73da0] Heap_lock - owner thread: 0x000001d1ffee35b0

Heap address: 0x0000000081800000, size: 2024 MB, Compressed Oops mode: 32-bit

CDS archive(s) mapped at: [0x0000000800000000-0x0000000800bd0000-0x0000000800bd0000), size 12386304, SharedBaseAddress: 0x0000000800000000, ArchiveRelocationMode: 0.
Compressed class space mapped at: 0x0000000800c00000-0x0000000840c00000, reserved size: 1073741824
Narrow klass base: 0x0000000800000000, Narrow klass shift: 0, Narrow klass range: 0x100000000

GC Precious Log:
 CPUs: 4 total, 4 available
 Memory: 8090M
 Large Page Support: Disabled
 NUMA Support: Disabled
 Compressed Oops: Enabled (32-bit)
 Heap Region Size: 1M
 Heap Min Capacity: 8M
 Heap Initial Capacity: 128M
 Heap Max Capacity: 2024M
 Pre-touch: Disabled
 Parallel Workers: 4
 Concurrent Workers: 1
 Concurrent Refinement Workers: 4
 Periodic GC: Disabled

Heap:
 garbage-first heap   total 61440K, used 38912K [0x0000000081800000, 0x0000000100000000)
  region size 1024K, 3 young (3072K), 2 survivors (2048K)
 Metaspace       used 68982K, committed 69568K, reserved 1114112K
  class space    used 10084K, committed 10304K, reserved 1048576K

Heap Regions: E=young(eden), S=young(survivor), O=old, HS=humongous(starts), HC=humongous(continues), CS=collection set, F=free, OA=open archive, CA=closed archive, TAMS=top-at-mark-start (previous, next)
|   0|0x0000000081800000, 0x0000000081900000, 0x0000000081900000|100%|HS|  |TAMS 0x0000000081900000, 0x0000000081800000| Complete 
|   1|0x0000000081900000, 0x0000000081a00000, 0x0000000081a00000|100%| O|  |TAMS 0x0000000081a00000, 0x0000000081900000| Untracked 
|   2|0x0000000081a00000, 0x0000000081b00000, 0x0000000081b00000|100%| O|  |TAMS 0x0000000081b00000, 0x0000000081a00000| Untracked 
|   3|0x0000000081b00000, 0x0000000081c00000, 0x0000000081c00000|100%| O|  |TAMS 0x0000000081c00000, 0x0000000081b00000| Untracked 
|   4|0x0000000081c00000, 0x0000000081d00000, 0x0000000081d00000|100%| O|  |TAMS 0x0000000081d00000, 0x0000000081c00000| Untracked 
|   5|0x0000000081d00000, 0x0000000081e00000, 0x0000000081e00000|100%| O|  |TAMS 0x0000000081e00000, 0x0000000081d00000| Untracked 
|   6|0x0000000081e00000, 0x0000000081f00000, 0x0000000081f00000|100%| O|  |TAMS 0x0000000081f00000, 0x0000000081e00000| Untracked 
|   7|0x0000000081f00000, 0x0000000082000000, 0x0000000082000000|100%| O|  |TAMS 0x0000000082000000, 0x0000000081f00000| Untracked 
|   8|0x0000000082000000, 0x0000000082100000, 0x0000000082100000|100%| O|  |TAMS 0x0000000082100000, 0x0000000082000000| Updating 
|   9|0x0000000082100000, 0x0000000082200000, 0x0000000082200000|100%| O|  |TAMS 0x0000000082200000, 0x0000000082100000| Untracked 
|  10|0x0000000082200000, 0x0000000082300000, 0x0000000082300000|100%| O|  |TAMS 0x0000000082300000, 0x0000000082200000| Untracked 
|  11|0x0000000082300000, 0x0000000082400000, 0x0000000082400000|100%| O|  |TAMS 0x0000000082400000, 0x0000000082300000| Updating 
|  12|0x0000000082400000, 0x0000000082500000, 0x0000000082500000|100%| O|  |TAMS 0x0000000082500000, 0x0000000082400000| Updating 
|  13|0x0000000082500000, 0x0000000082600000, 0x0000000082600000|100%| O|  |TAMS 0x0000000082600000, 0x0000000082500000| Updating 
|  14|0x0000000082600000, 0x0000000082700000, 0x0000000082700000|100%| O|  |TAMS 0x0000000082700000, 0x0000000082600000| Updating 
|  15|0x0000000082700000, 0x0000000082800000, 0x0000000082800000|100%| O|  |TAMS 0x0000000082800000, 0x0000000082700000| Updating 
|  16|0x0000000082800000, 0x0000000082900000, 0x0000000082900000|100%| O|  |TAMS 0x0000000082900000, 0x0000000082800000| Untracked 
|  17|0x0000000082900000, 0x0000000082a00000, 0x0000000082a00000|100%| O|  |TAMS 0x0000000082a00000, 0x0000000082900000| Untracked 
|  18|0x0000000082a00000, 0x0000000082b00000, 0x0000000082b00000|100%| O|  |TAMS 0x0000000082b00000, 0x0000000082a00000| Updating 
|  19|0x0000000082b00000, 0x0000000082c00000, 0x0000000082c00000|100%| O|  |TAMS 0x0000000082c00000, 0x0000000082b00000| Untracked 
|  20|0x0000000082c00000, 0x0000000082d00000, 0x0000000082d00000|100%| O|  |TAMS 0x0000000082d00000, 0x0000000082c00000| Updating 
|  21|0x0000000082d00000, 0x0000000082e00000, 0x0000000082e00000|100%| O|  |TAMS 0x0000000082e00000, 0x0000000082d00000| Updating 
|  22|0x0000000082e00000, 0x0000000082f00000, 0x0000000082f00000|100%| O|  |TAMS 0x0000000082f00000, 0x0000000082e00000| Updating 
|  23|0x0000000082f00000, 0x0000000083000000, 0x0000000083000000|100%| O|  |TAMS 0x0000000083000000, 0x0000000082f00000| Untracked 
|  24|0x0000000083000000, 0x0000000083100000, 0x0000000083100000|100%| O|  |TAMS 0x0000000083100000, 0x0000000083000000| Updating 
|  25|0x0000000083100000, 0x0000000083200000, 0x0000000083200000|100%| O|  |TAMS 0x0000000083200000, 0x0000000083100000| Untracked 
|  26|0x0000000083200000, 0x0000000083300000, 0x0000000083300000|100%| O|  |TAMS 0x0000000083300000, 0x0000000083200000| Untracked 
|  27|0x0000000083300000, 0x0000000083400000, 0x0000000083400000|100%| O|  |TAMS 0x0000000083400000, 0x0000000083300000| Untracked 
|  28|0x0000000083400000, 0x0000000083500000, 0x0000000083500000|100%| O|  |TAMS 0x0000000083500000, 0x0000000083400000| Untracked 
|  29|0x0000000083500000, 0x0000000083600000, 0x0000000083600000|100%| O|  |TAMS 0x0000000083600000, 0x0000000083500000| Untracked 
|  30|0x0000000083600000, 0x0000000083700000, 0x0000000083700000|100%| O|  |TAMS 0x0000000083700000, 0x0000000083600000| Untracked 
|  31|0x0000000083700000, 0x0000000083800000, 0x0000000083800000|100%| O|  |TAMS 0x0000000083800000, 0x0000000083700000| Untracked 
|  32|0x0000000083800000, 0x0000000083900000, 0x0000000083900000|100%| O|  |TAMS 0x0000000083900000, 0x0000000083800000| Untracked 
|  33|0x0000000083900000, 0x0000000083a00000, 0x0000000083a00000|100%| O|  |TAMS 0x000000008394ce00, 0x0000000083900000| Untracked 
|  34|0x0000000083a00000, 0x0000000083b00000, 0x0000000083b00000|100%| O|  |TAMS 0x0000000083a00000, 0x0000000083a00000| Untracked 
|  35|0x0000000083b00000, 0x0000000083c00000, 0x0000000083c00000|100%| O|  |TAMS 0x0000000083b00000, 0x0000000083b00000| Untracked 
|  36|0x0000000083c00000, 0x0000000083c00000, 0x0000000083d00000|  0%| F|  |TAMS 0x0000000083c00000, 0x0000000083c00000| Untracked 
|  37|0x0000000083d00000, 0x0000000083d00000, 0x0000000083e00000|  0%| F|  |TAMS 0x0000000083d00000, 0x0000000083d00000| Untracked 
|  38|0x0000000083e00000, 0x0000000083e00000, 0x0000000083f00000|  0%| F|  |TAMS 0x0000000083e00000, 0x0000000083e00000| Untracked 
|  39|0x0000000083f00000, 0x0000000083f00000, 0x0000000084000000|  0%| F|  |TAMS 0x0000000083f00000, 0x0000000083f00000| Untracked 
|  40|0x0000000084000000, 0x0000000084000000, 0x0000000084100000|  0%| F|  |TAMS 0x0000000084000000, 0x0000000084000000| Untracked 
|  41|0x0000000084100000, 0x0000000084100000, 0x0000000084200000|  0%| F|  |TAMS 0x0000000084100000, 0x0000000084100000| Untracked 
|  42|0x0000000084200000, 0x0000000084200000, 0x0000000084300000|  0%| F|  |TAMS 0x0000000084200000, 0x0000000084200000| Untracked 
|  43|0x0000000084300000, 0x0000000084300000, 0x0000000084400000|  0%| F|  |TAMS 0x0000000084300000, 0x0000000084300000| Untracked 
|  44|0x0000000084400000, 0x0000000084400000, 0x0000000084500000|  0%| F|  |TAMS 0x0000000084400000, 0x0000000084400000| Untracked 
|  45|0x0000000084500000, 0x0000000084600000, 0x0000000084600000|100%| S|CS|TAMS 0x0000000084500000, 0x0000000084500000| Complete 
|  46|0x0000000084600000, 0x0000000084700000, 0x0000000084700000|100%| S|CS|TAMS 0x0000000084600000, 0x0000000084600000| Complete 
|  47|0x0000000084700000, 0x0000000084700000, 0x0000000084800000|  0%| F|  |TAMS 0x0000000084700000, 0x0000000084700000| Untracked 
|  48|0x0000000084800000, 0x0000000084800000, 0x0000000084900000|  0%| F|  |TAMS 0x0000000084800000, 0x0000000084800000| Untracked 
|  49|0x0000000084900000, 0x0000000084900000, 0x0000000084a00000|  0%| F|  |TAMS 0x0000000084900000, 0x0000000084900000| Untracked 
|  50|0x0000000084a00000, 0x0000000084a00000, 0x0000000084b00000|  0%| F|  |TAMS 0x0000000084a00000, 0x0000000084a00000| Untracked 
|  51|0x0000000084b00000, 0x0000000084b00000, 0x0000000084c00000|  0%| F|  |TAMS 0x0000000084b00000, 0x0000000084b00000| Untracked 
|  52|0x0000000084c00000, 0x0000000084c00000, 0x0000000084d00000|  0%| F|  |TAMS 0x0000000084c00000, 0x0000000084c00000| Untracked 
| 120|0x0000000089000000, 0x0000000089000000, 0x0000000089100000|  0%| F|  |TAMS 0x0000000089000000, 0x0000000089000000| Untracked 
| 121|0x0000000089100000, 0x0000000089100000, 0x0000000089200000|  0%| F|  |TAMS 0x0000000089100000, 0x0000000089100000| Untracked 
| 122|0x0000000089200000, 0x0000000089200000, 0x0000000089300000|  0%| F|  |TAMS 0x0000000089200000, 0x0000000089200000| Untracked 
| 123|0x0000000089300000, 0x0000000089300000, 0x0000000089400000|  0%| F|  |TAMS 0x0000000089300000, 0x0000000089300000| Untracked 
| 124|0x0000000089400000, 0x0000000089400000, 0x0000000089500000|  0%| F|  |TAMS 0x0000000089400000, 0x0000000089400000| Untracked 
| 125|0x0000000089500000, 0x0000000089500000, 0x0000000089600000|  0%| F|  |TAMS 0x0000000089500000, 0x0000000089500000| Untracked 
| 127|0x0000000089700000, 0x0000000089799390, 0x0000000089800000| 59%| E|  |TAMS 0x0000000089700000, 0x0000000089700000| Complete 

Card table byte_map: [0x000001d18bfb0000,0x000001d18c3b0000] _byte_map_base: 0x000001d18bba4000

Marking Bits (Prev, Next): (CMBitMap*) 0x000001d1ffed2f80, (CMBitMap*) 0x000001d1ffed2fc0
 Prev Bits: [0x000001d18c7b0000, 0x000001d18e750000)
 Next Bits: [0x000001d18e750000, 0x000001d1906f0000)

Polling page: 0x000001d1ff0b0000

Metaspace:

Usage:
  Non-class:     57.52 MB used.
      Class:      9.85 MB used.
       Both:     67.37 MB used.

Virtual space:
  Non-class space:       64.00 MB reserved,      57.88 MB ( 90%) committed,  8 nodes.
      Class space:        1.00 GB reserved,      10.06 MB ( <1%) committed,  1 nodes.
             Both:        1.06 GB reserved,      67.94 MB (  6%) committed. 

Chunk freelists:
   Non-Class:  1.83 MB
       Class:  1.90 MB
        Both:  3.72 MB

MaxMetaspaceSize: unlimited
CompressedClassSpaceSize: 1.00 GB
Initial GC threshold: 21.00 MB
Current GC threshold: 107.31 MB
CDS: on
MetaspaceReclaimPolicy: balanced
 - commit_granule_bytes: 65536.
 - commit_granule_words: 8192.
 - virtual_space_node_default_size: 1048576.
 - enlarge_chunks_in_place: 1.
 - new_chunks_are_fully_committed: 0.
 - uncommit_free_chunks: 1.
 - use_allocation_guard: 0.
 - handle_deallocations: 1.


Internal statistics:

num_allocs_failed_limit: 12.
num_arena_births: 772.
num_arena_deaths: 44.
num_vsnodes_births: 9.
num_vsnodes_deaths: 0.
num_space_committed: 1087.
num_space_uncommitted: 0.
num_chunks_returned_to_freelist: 69.
num_chunks_taken_from_freelist: 3241.
num_chunk_merges: 22.
num_chunk_splits: 2330.
num_chunks_enlarged: 1828.
num_purges: 4.
num_inconsistent_stats: 0.

CodeCache: size=49152Kb used=11043Kb max_used=11575Kb free=38108Kb
 bounds [0x000001d188bb0000, 0x000001d189700000, 0x000001d18bbb0000]
 total_blobs=6731 nmethods=6068 adapters=588
 compilation: enabled
              stopped_count=0, restarted_count=0
 full_count=0

Compilation events (20 events):
Event: 31.401 Thread 0x000001d19297f0a0 6060       1       sun.util.resources.Bundles$CacheKey::hashCode (5 bytes)
Event: 31.401 Thread 0x000001d19297f0a0 nmethod 6060 0x000001d1896a8410 code [0x000001d1896a85a0, 0x000001d1896a8678]
Event: 31.405 Thread 0x000001d19297f0a0 6061       1       java.util.Properties::saveConvert (383 bytes)
Event: 31.407 Thread 0x000001d19297f0a0 nmethod 6061 0x000001d1896a7090 code [0x000001d1896a7380, 0x000001d1896a7d28]
Event: 31.464 Thread 0x000001d19297f0a0 6062       1       java.io.BufferedWriter::ensureOpen (18 bytes)
Event: 31.465 Thread 0x000001d19297f0a0 nmethod 6062 0x000001d1896a6d10 code [0x000001d1896a6ea0, 0x000001d1896a7008]
Event: 31.465 Thread 0x000001d19297f0a0 6065   !   1       java.io.BufferedWriter::write (117 bytes)
Event: 31.466 Thread 0x000001d19297f0a0 nmethod 6065 0x000001d1896a6510 code [0x000001d1896a66e0, 0x000001d1896a6a28]
Event: 31.466 Thread 0x000001d19297f0a0 6063       1       java.io.BufferedWriter::min (9 bytes)
Event: 31.466 Thread 0x000001d19297f0a0 nmethod 6063 0x000001d1896a6210 code [0x000001d1896a63a0, 0x000001d1896a6498]
Event: 31.466 Thread 0x000001d19297f0a0 6064       1       java.io.Writer::write (11 bytes)
Event: 31.466 Thread 0x000001d19297f0a0 nmethod 6064 0x000001d1896a5e90 code [0x000001d1896a6020, 0x000001d1896a6128]
Event: 31.466 Thread 0x000001d19297f0a0 6066       1       java.util.HexFormat::<init> (50 bytes)
Event: 31.466 Thread 0x000001d19297f0a0 nmethod 6066 0x000001d1896a5710 code [0x000001d1896a58e0, 0x000001d1896a5d28]
Event: 31.488 Thread 0x000001d19297f0a0 6067       1       java.util.TreeMap$KeySet::size (10 bytes)
Event: 31.489 Thread 0x000001d19297f0a0 nmethod 6067 0x000001d1896a5410 code [0x000001d1896a55a0, 0x000001d1896a5688]
Event: 31.489 Thread 0x000001d19297f0a0 6068       1       java.util.TreeMap$KeySet::contains (11 bytes)
Event: 31.489 Thread 0x000001d19297f0a0 nmethod 6068 0x000001d1896a5110 code [0x000001d1896a52a0, 0x000001d1896a5388]
Event: 31.490 Thread 0x000001d19297f0a0 6069       1       javax.management.openmbean.CompositeDataSupport::getCompositeType (5 bytes)
Event: 31.490 Thread 0x000001d19297f0a0 nmethod 6069 0x000001d1896a4e10 code [0x000001d1896a4fa0, 0x000001d1896a5078]

GC Heap History (20 events):
Event: 18.998 GC heap before
{Heap before GC invocations=12 (full 0):
 garbage-first heap   total 61440K, used 46570K [0x0000000081800000, 0x0000000100000000)
  region size 1024K, 23 young (23552K), 2 survivors (2048K)
 Metaspace       used 43404K, committed 43904K, reserved 1089536K
  class space    used 6071K, committed 6272K, reserved 1048576K
}
Event: 19.002 GC heap after
{Heap after GC invocations=13 (full 0):
 garbage-first heap   total 61440K, used 26629K [0x0000000081800000, 0x0000000100000000)
  region size 1024K, 2 young (2048K), 2 survivors (2048K)
 Metaspace       used 43404K, committed 43904K, reserved 1089536K
  class space    used 6071K, committed 6272K, reserved 1048576K
}
Event: 19.985 GC heap before
{Heap before GC invocations=14 (full 0):
 garbage-first heap   total 61440K, used 46085K [0x0000000081800000, 0x0000000100000000)
  region size 1024K, 22 young (22528K), 2 survivors (2048K)
 Metaspace       used 47755K, committed 48256K, reserved 1097728K
  class space    used 6749K, committed 6976K, reserved 1048576K
}
Event: 19.988 GC heap after
{Heap after GC invocations=15 (full 0):
 garbage-first heap   total 61440K, used 27761K [0x0000000081800000, 0x0000000100000000)
  region size 1024K, 2 young (2048K), 2 survivors (2048K)
 Metaspace       used 47755K, committed 48256K, reserved 1097728K
  class space    used 6749K, committed 6976K, reserved 1048576K
}
Event: 21.594 GC heap before
{Heap before GC invocations=15 (full 0):
 garbage-first heap   total 61440K, used 47217K [0x0000000081800000, 0x0000000100000000)
  region size 1024K, 22 young (22528K), 2 survivors (2048K)
 Metaspace       used 52693K, committed 53184K, reserved 1097728K
  class space    used 7500K, committed 7744K, reserved 1048576K
}
Event: 21.597 GC heap after
{Heap after GC invocations=16 (full 0):
 garbage-first heap   total 61440K, used 28726K [0x0000000081800000, 0x0000000100000000)
  region size 1024K, 3 young (3072K), 3 survivors (3072K)
 Metaspace       used 52693K, committed 53184K, reserved 1097728K
  class space    used 7500K, committed 7744K, reserved 1048576K
}
Event: 22.606 GC heap before
{Heap before GC invocations=16 (full 0):
 garbage-first heap   total 61440K, used 49206K [0x0000000081800000, 0x0000000100000000)
  region size 1024K, 23 young (23552K), 3 survivors (3072K)
 Metaspace       used 57121K, committed 57664K, reserved 1097728K
  class space    used 8277K, committed 8576K, reserved 1048576K
}
Event: 22.610 GC heap after
{Heap after GC invocations=17 (full 0):
 garbage-first heap   total 61440K, used 29569K [0x0000000081800000, 0x0000000100000000)
  region size 1024K, 2 young (2048K), 2 survivors (2048K)
 Metaspace       used 57121K, committed 57664K, reserved 1097728K
  class space    used 8277K, committed 8576K, reserved 1048576K
}
Event: 23.264 GC heap before
{Heap before GC invocations=17 (full 0):
 garbage-first heap   total 61440K, used 50049K [0x0000000081800000, 0x0000000100000000)
  region size 1024K, 22 young (22528K), 2 survivors (2048K)
 Metaspace       used 59928K, committed 60416K, reserved 1105920K
  class space    used 8656K, committed 8896K, reserved 1048576K
}
Event: 23.269 GC heap after
{Heap after GC invocations=18 (full 0):
 garbage-first heap   total 61440K, used 31017K [0x0000000081800000, 0x0000000100000000)
  region size 1024K, 3 young (3072K), 3 survivors (3072K)
 Metaspace       used 59928K, committed 60416K, reserved 1105920K
  class space    used 8656K, committed 8896K, reserved 1048576K
}
Event: 23.956 GC heap before
{Heap before GC invocations=18 (full 0):
 garbage-first heap   total 61440K, used 49449K [0x0000000081800000, 0x0000000100000000)
  region size 1024K, 21 young (21504K), 3 survivors (3072K)
 Metaspace       used 62469K, committed 63040K, reserved 1105920K
  class space    used 9005K, committed 9280K, reserved 1048576K
}
Event: 23.962 GC heap after
{Heap after GC invocations=19 (full 0):
 garbage-first heap   total 61440K, used 32745K [0x0000000081800000, 0x0000000100000000)
  region size 1024K, 3 young (3072K), 3 survivors (3072K)
 Metaspace       used 62469K, committed 63040K, reserved 1105920K
  class space    used 9005K, committed 9280K, reserved 1048576K
}
Event: 25.936 GC heap before
{Heap before GC invocations=20 (full 0):
 garbage-first heap   total 61440K, used 49129K [0x0000000081800000, 0x0000000100000000)
  region size 1024K, 20 young (20480K), 3 survivors (3072K)
 Metaspace       used 63218K, committed 63744K, reserved 1105920K
  class space    used 9207K, committed 9472K, reserved 1048576K
}
Event: 25.943 GC heap after
{Heap after GC invocations=21 (full 0):
 garbage-first heap   total 61440K, used 34348K [0x0000000081800000, 0x0000000100000000)
  region size 1024K, 2 young (2048K), 2 survivors (2048K)
 Metaspace       used 63218K, committed 63744K, reserved 1105920K
  class space    used 9207K, committed 9472K, reserved 1048576K
}
Event: 27.059 GC heap before
{Heap before GC invocations=21 (full 0):
 garbage-first heap   total 61440K, used 50732K [0x0000000081800000, 0x0000000100000000)
  region size 1024K, 18 young (18432K), 2 survivors (2048K)
 Metaspace       used 65119K, committed 65600K, reserved 1105920K
  class space    used 9493K, committed 9728K, reserved 1048576K
}
Event: 27.064 GC heap after
{Heap after GC invocations=22 (full 0):
 garbage-first heap   total 61440K, used 35531K [0x0000000081800000, 0x0000000100000000)
  region size 1024K, 3 young (3072K), 3 survivors (3072K)
 Metaspace       used 65119K, committed 65600K, reserved 1105920K
  class space    used 9493K, committed 9728K, reserved 1048576K
}
Event: 30.402 GC heap before
{Heap before GC invocations=23 (full 0):
 garbage-first heap   total 61440K, used 50891K [0x0000000081800000, 0x0000000100000000)
  region size 1024K, 18 young (18432K), 3 survivors (3072K)
 Metaspace       used 67024K, committed 67584K, reserved 1114112K
  class space    used 9801K, committed 10048K, reserved 1048576K
}
Event: 30.410 GC heap after
{Heap after GC invocations=24 (full 0):
 garbage-first heap   total 61440K, used 37080K [0x0000000081800000, 0x0000000100000000)
  region size 1024K, 3 young (3072K), 3 survivors (3072K)
 Metaspace       used 67024K, committed 67584K, reserved 1114112K
  class space    used 9801K, committed 10048K, reserved 1048576K
}
Event: 31.478 GC heap before
{Heap before GC invocations=24 (full 0):
 garbage-first heap   total 61440K, used 50392K [0x0000000081800000, 0x0000000100000000)
  region size 1024K, 16 young (16384K), 3 survivors (3072K)
 Metaspace       used 68890K, committed 69440K, reserved 1114112K
  class space    used 10077K, committed 10304K, reserved 1048576K
}
Event: 31.485 GC heap after
{Heap after GC invocations=25 (full 0):
 garbage-first heap   total 61440K, used 38912K [0x0000000081800000, 0x0000000100000000)
  region size 1024K, 2 young (2048K), 2 survivors (2048K)
 Metaspace       used 68890K, committed 69440K, reserved 1114112K
  class space    used 10077K, committed 10304K, reserved 1048576K
}

Deoptimization events (10 events):
Event: 5.396 Thread 0x000001d1ffe78000 DEOPT PACKING pc=0x000001d1890f6599 sp=0x000000bebbdfd580
Event: 5.396 Thread 0x000001d1ffe78000 DEOPT UNPACKING pc=0x000001d188c02b43 sp=0x000000bebbdfca60 mode 3
Event: 12.359 Thread 0x000001d1ffe78000 DEOPT PACKING pc=0x000001d1893cba1d sp=0x000000bebbdfeb50
Event: 12.359 Thread 0x000001d1ffe78000 DEOPT UNPACKING pc=0x000001d188c02b43 sp=0x000000bebbdfe0b8 mode 3
Event: 23.093 Thread 0x000001d1ffe78000 DEOPT PACKING pc=0x000001d189114924 sp=0x000000bebbdfd280
Event: 23.093 Thread 0x000001d1ffe78000 DEOPT UNPACKING pc=0x000001d188c02b43 sp=0x000000bebbdfc7d8 mode 0
Event: 23.734 Thread 0x000001d1ffe78000 DEOPT PACKING pc=0x000001d1891053aa sp=0x000000bebbdfca60
Event: 23.734 Thread 0x000001d1ffe78000 DEOPT UNPACKING pc=0x000001d188c02b43 sp=0x000000bebbdfbf68 mode 3
Event: 23.734 Thread 0x000001d1ffe78000 DEOPT PACKING pc=0x000001d1890ef5a5 sp=0x000000bebbdfca20
Event: 23.734 Thread 0x000001d1ffe78000 DEOPT UNPACKING pc=0x000001d188c02b43 sp=0x000000bebbdfbf68 mode 3

Classes unloaded (20 events):
Event: 27.169 Thread 0x000001d192962840 Unloading class 0x0000000800c07400 'jdk/internal/reflect/GeneratedConstructorAccessor1'
Event: 31.581 Thread 0x000001d192962840 Unloading class 0x0000000800fc3c00 'java/lang/invoke/LambdaForm$MH+0x0000000800fc3c00'
Event: 31.581 Thread 0x000001d192962840 Unloading class 0x0000000800fc3800 'java/lang/invoke/LambdaForm$MH+0x0000000800fc3800'
Event: 31.581 Thread 0x000001d192962840 Unloading class 0x0000000800fc3400 'java/lang/invoke/LambdaForm$MH+0x0000000800fc3400'
Event: 31.581 Thread 0x000001d192962840 Unloading class 0x0000000800fc3000 'java/lang/invoke/LambdaForm$MH+0x0000000800fc3000'
Event: 31.581 Thread 0x000001d192962840 Unloading class 0x0000000800fc2c00 'java/lang/invoke/LambdaForm$MH+0x0000000800fc2c00'
Event: 31.581 Thread 0x000001d192962840 Unloading class 0x0000000800fc2800 'java/lang/invoke/LambdaForm$MH+0x0000000800fc2800'
Event: 31.581 Thread 0x000001d192962840 Unloading class 0x0000000800fc1c00 'jdk/internal/reflect/GeneratedSerializationConstructorAccessor8'
Event: 31.581 Thread 0x000001d192962840 Unloading class 0x0000000800f7d000 'jdk/internal/reflect/GeneratedSerializationConstructorAccessor7'
Event: 31.581 Thread 0x000001d192962840 Unloading class 0x0000000800f7cc00 'jdk/internal/reflect/GeneratedSerializationConstructorAccessor6'
Event: 31.581 Thread 0x000001d192962840 Unloading class 0x0000000800f7c800 'jdk/internal/reflect/GeneratedSerializationConstructorAccessor5'
Event: 31.581 Thread 0x000001d192962840 Unloading class 0x0000000800f7c400 'jdk/internal/reflect/GeneratedSerializationConstructorAccessor4'
Event: 31.581 Thread 0x000001d192962840 Unloading class 0x0000000800f58000 'java/lang/invoke/LambdaForm$DMH+0x0000000800f58000'
Event: 31.581 Thread 0x000001d192962840 Unloading class 0x0000000800eb0000 'jdk/internal/reflect/GeneratedConstructorAccessor9'
Event: 31.581 Thread 0x000001d192962840 Unloading class 0x0000000800e50400 'java/lang/invoke/LambdaForm$DMH+0x0000000800e50400'
Event: 31.581 Thread 0x000001d192962840 Unloading class 0x0000000800d7cc00 'java/lang/invoke/LambdaForm$DMH+0x0000000800d7cc00'
Event: 31.581 Thread 0x000001d192962840 Unloading class 0x0000000800d38c00 'java/lang/invoke/LambdaForm$MH+0x0000000800d38c00'
Event: 31.581 Thread 0x000001d192962840 Unloading class 0x0000000800cc0400 'jdk/internal/reflect/GeneratedSerializationConstructorAccessor3'
Event: 31.581 Thread 0x000001d192962840 Unloading class 0x0000000800cc0000 'jdk/internal/reflect/GeneratedSerializationConstructorAccessor2'
Event: 31.581 Thread 0x000001d192962840 Unloading class 0x0000000800c09000 'jdk/internal/reflect/GeneratedSerializationConstructorAccessor1'

Classes redefined (0 events):
No events

Internal exceptions (20 events):
Event: 23.278 Thread 0x000001d1ffe78000 Exception <a 'java/lang/reflect/InvocationTargetException'{0x000000008975bb40}> (0x000000008975bb40) 
thrown [s\open\src\hotspot\share\runtime\reflection.cpp, line 1121]
Event: 23.295 Thread 0x000001d1ffe78000 Exception <a 'java/lang/NoSuchMethodError'{0x00000000897bfd78}: 'int java.lang.invoke.DirectMethodHandle$Holder.invokeStatic(java.lang.Object, java.lang.Object, int)'> (0x00000000897bfd78) 
thrown [s\open\src\hotspot\share\interpreter\linkResolver.cpp, line 759]
Event: 23.305 Thread 0x000001d1ffe78000 Exception <a 'java/lang/IncompatibleClassChangeError'{0x0000000089509418}: Found class java.lang.Object, but interface was expected> (0x0000000089509418) 
thrown [s\open\src\hotspot\share\interpreter\linkResolver.cpp, line 826]
Event: 23.305 Thread 0x000001d1ffe78000 Exception <a 'java/lang/IncompatibleClassChangeError'{0x000000008950fa18}: Found class java.lang.Object, but interface was expected> (0x000000008950fa18) 
thrown [s\open\src\hotspot\share\interpreter\linkResolver.cpp, line 826]
Event: 23.729 Thread 0x000001d1ffe78000 Exception <a 'java/lang/NoSuchMethodError'{0x00000000847d8c70}: 'void java.lang.invoke.DirectMethodHandle$Holder.invokeVirtual(java.lang.Object, java.lang.Object, int)'> (0x00000000847d8c70) 
thrown [s\open\src\hotspot\share\interpreter\linkResolver.cpp, line 759]
Event: 23.731 Thread 0x000001d1ffe78000 Exception <a 'java/lang/NoSuchMethodError'{0x00000000847f3818}: 'void java.lang.invoke.DirectMethodHandle$Holder.invokeVirtual(java.lang.Object, java.lang.Object, long)'> (0x00000000847f3818) 
thrown [s\open\src\hotspot\share\interpreter\linkResolver.cpp, line 759]
Event: 24.024 Thread 0x000001d1ffe78000 Exception <a 'java/lang/IncompatibleClassChangeError'{0x00000000897ffd68}: Found class java.lang.Object, but interface was expected> (0x00000000897ffd68) 
thrown [s\open\src\hotspot\share\interpreter\linkResolver.cpp, line 826]
Event: 24.361 Thread 0x000001d1ffe78000 Exception <a 'java/lang/NoSuchMethodError'{0x00000000891fe118}: 'java.lang.Object java.lang.invoke.DirectMethodHandle$Holder.newInvokeSpecial(java.lang.Object, java.lang.Object, java.lang.Object, java.lang.Object, java.lang.Object, java.lang.Object, java.lang.Object, java.lang.Object, java.lang.Object)'> (0x00000000891fe118) 
thrown [s\open\src\hotspot\share\interpreter\linkResolver.cpp, line 759]
Event: 24.361 Thread 0x000001d1ffe78000 Exception <a 'java/lang/NoSuchMethodError'{0x0000000089003128}: 'java.lang.Object java.lang.invoke.Invokers$Holder.linkToTargetMethod(java.lang.Object, java.lang.Object, java.lang.Object, java.lang.Object, java.lang.Object, java.lang.Object, java.lang.Object, java.lang.Object, java.lang.Object)'> (0x0000000089003128) 
thrown [s\open\src\hotspot\share\interpreter\linkResolver.cpp, line 759]
Event: 26.189 Thread 0x000001d1ffe78000 Exception <a 'java/lang/NoSuchMethodError'{0x000000008939c1d8}: 'int java.lang.invoke.DirectMethodHandle$Holder.invokeStatic(java.lang.Object, java.lang.Object, java.lang.Object, java.lang.Object, java.lang.Object)'> (0x000000008939c1d8) 
thrown [s\open\src\hotspot\share\interpreter\linkResolver.cpp, line 759]
Event: 26.372 Thread 0x000001d1ffe78000 Exception <a 'java/lang/NoSuchMethodError'{0x0000000084c7b1e0}: 'double java.lang.invoke.DirectMethodHandle$Holder.invokeStatic(java.lang.Object, java.lang.Object)'> (0x0000000084c7b1e0) 
thrown [s\open\src\hotspot\share\interpreter\linkResolver.cpp, line 759]
Event: 27.103 Thread 0x000001d19356e030 Exception <a 'java/lang/NoSuchMethodError'{0x0000000089715b10}: 'long java.lang.invoke.DirectMethodHandle$Holder.invokeStatic(java.lang.Object, java.lang.Object, java.lang.Object)'> (0x0000000089715b10) 
thrown [s\open\src\hotspot\share\interpreter\linkResolver.cpp, line 759]
Event: 29.930 Thread 0x000001d1ffe78000 Exception <a 'java/lang/NoSuchMethodError'{0x0000000084a3e880}: 'void java.lang.invoke.DirectMethodHandle$Holder.invokeStatic(java.lang.Object, java.lang.Object, double)'> (0x0000000084a3e880) 
thrown [s\open\src\hotspot\share\interpreter\linkResolver.cpp, line 759]
Event: 29.971 Thread 0x000001d1ffe78000 Exception <a 'java/lang/NoSuchMethodError'{0x0000000084a8d840}: 'double java.lang.invoke.DirectMethodHandle$Holder.invokeStatic(java.lang.Object, java.lang.Object, java.lang.Object)'> (0x0000000084a8d840) 
thrown [s\open\src\hotspot\share\interpreter\linkResolver.cpp, line 759]
Event: 30.071 Thread 0x000001d1ffe78000 Exception <a 'java/lang/IncompatibleClassChangeError'{0x00000000849852e0}: Found class java.lang.Object, but interface was expected> (0x00000000849852e0) 
thrown [s\open\src\hotspot\share\interpreter\linkResolver.cpp, line 826]
Event: 30.077 Thread 0x000001d1ffe78000 Exception <a 'java/lang/NoSuchMethodError'{0x00000000849a6f50}: 'java.lang.Object java.lang.invoke.DirectMethodHandle$Holder.newInvokeSpecial(java.lang.Object, java.lang.Object, int, java.lang.Object, java.lang.Object)'> (0x00000000849a6f50) 
thrown [s\open\src\hotspot\share\interpreter\linkResolver.cpp, line 759]
Event: 30.079 Thread 0x000001d1ffe78000 Exception <a 'java/lang/NoSuchMethodError'{0x00000000849b25b8}: 'java.lang.Object java.lang.invoke.DirectMethodHandle$Holder.invokeSpecial(java.lang.Object, java.lang.Object, int, java.lang.Object, int, java.lang.Object)'> (0x00000000849b25b8) 
thrown [s\open\src\hotspot\share\interpreter\linkResolver.cpp, line 759]
Event: 30.079 Thread 0x000001d1ffe78000 Exception <a 'java/lang/NoSuchMethodError'{0x00000000849ba3c0}: 'java.lang.Object java.lang.invoke.DirectMethodHandle$Holder.newInvokeSpecial(java.lang.Object, java.lang.Object, int, java.lang.Object, int)'> (0x00000000849ba3c0) 
thrown [s\open\src\hotspot\share\interpreter\linkResolver.cpp, line 759]
Event: 30.080 Thread 0x000001d1ffe78000 Exception <a 'java/lang/NoSuchMethodError'{0x00000000849be4c0}: 'java.lang.Object java.lang.invoke.DirectMethodHandle$Holder.invokeSpecial(java.lang.Object, java.lang.Object, java.lang.Object, int, java.lang.Object, int)'> (0x00000000849be4c0) 
thrown [s\open\src\hotspot\share\interpreter\linkResolver.cpp, line 759]
Event: 31.398 Thread 0x000001d19297c650 Exception <a 'java/lang/NoSuchMethodError'{0x00000000848dd260}: 'java.lang.Object java.lang.invoke.DirectMethodHandle$Holder.invokeStaticInit(java.lang.Object, int)'> (0x00000000848dd260) 
thrown [s\open\src\hotspot\share\interpreter\linkResolver.cpp, line 759]

VM Operations (20 events):
Event: 27.071 Executing VM operation: G1CollectForAllocation done
Event: 27.160 Executing VM operation: G1Concurrent
Event: 27.228 Executing VM operation: G1Concurrent done
Event: 27.264 Executing VM operation: G1Concurrent
Event: 27.264 Executing VM operation: G1Concurrent done
Event: 29.264 Executing VM operation: Cleanup
Event: 30.028 Executing VM operation: Cleanup done
Event: 30.028 Executing VM operation: HandshakeAllThreads
Event: 30.037 Executing VM operation: HandshakeAllThreads done
Event: 30.069 Executing VM operation: HandshakeAllThreads
Event: 30.070 Executing VM operation: HandshakeAllThreads done
Event: 30.402 Executing VM operation: G1CollectForAllocation
Event: 30.410 Executing VM operation: G1CollectForAllocation done
Event: 31.465 Executing VM operation: HandshakeAllThreads
Event: 31.465 Executing VM operation: HandshakeAllThreads done
Event: 31.465 Executing VM operation: Cleanup
Event: 31.465 Executing VM operation: Cleanup done
Event: 31.478 Executing VM operation: G1CollectForAllocation
Event: 31.485 Executing VM operation: G1CollectForAllocation done
Event: 31.580 Executing VM operation: G1Concurrent

Events (20 events):
Event: 30.818 loading class java/util/zip/GZIPInputStream done
Event: 31.160 Thread 0x000001d197b206f0 Thread exited: 0x000001d197b206f0
Event: 31.221 loading class java/time/format/DateTimeFormatterBuilder$ZoneTextPrinterParser
Event: 31.253 loading class java/time/format/DateTimeFormatterBuilder$ZoneTextPrinterParser done
Event: 31.253 loading class java/time/format/DateTimeFormatterBuilder$ReducedPrinterParser
Event: 31.274 loading class java/time/format/DateTimeFormatterBuilder$ReducedPrinterParser done
Event: 31.306 loading class java/util/concurrent/atomic/AtomicMarkableReference
Event: 31.334 loading class java/util/concurrent/atomic/AtomicMarkableReference done
Event: 31.334 loading class java/util/concurrent/atomic/AtomicMarkableReference$Pair
Event: 31.334 loading class java/util/concurrent/atomic/AtomicMarkableReference$Pair done
Event: 31.394 loading class sun/nio/cs/ISO_8859_1$Encoder
Event: 31.395 loading class sun/nio/cs/ISO_8859_1$Encoder done
Event: 31.395 loading class sun/nio/cs/Surrogate$Parser
Event: 31.395 loading class sun/nio/cs/Surrogate$Parser done
Event: 31.395 loading class sun/nio/cs/Surrogate
Event: 31.395 loading class sun/nio/cs/Surrogate done
Event: 31.395 loading class sun/util/cldr/CLDRBaseLocaleDataMetaInfo$TZCanonicalIDMapHolder
Event: 31.396 loading class sun/util/cldr/CLDRBaseLocaleDataMetaInfo$TZCanonicalIDMapHolder done
Event: 31.398 loading class sun/util/cldr/CLDRTimeZoneNameProviderImpl$AVAILABLE_IDS
Event: 31.398 loading class sun/util/cldr/CLDRTimeZoneNameProviderImpl$AVAILABLE_IDS done


Dynamic libraries:
0x00007ff725310000 - 0x00007ff725320000 	C:\Program Files\Java\jdk-17.0.5\bin\javaw.exe
0x00007ffedbd50000 - 0x00007ffedbf48000 	C:\WINDOWS\SYSTEM32\ntdll.dll
0x00007ffeda370000 - 0x00007ffeda42f000 	C:\WINDOWS\System32\KERNEL32.DLL
0x00007ffed9940000 - 0x00007ffed9c12000 	C:\WINDOWS\System32\KERNELBASE.dll
0x00007ffed9560000 - 0x00007ffed9660000 	C:\WINDOWS\System32\ucrtbase.dll
0x00007ffed4260000 - 0x00007ffed4278000 	C:\Program Files\Java\jdk-17.0.5\bin\jli.dll
0x00007ffeda610000 - 0x00007ffeda6be000 	C:\WINDOWS\System32\ADVAPI32.dll
0x00007ffedade0000 - 0x00007ffedae7e000 	C:\WINDOWS\System32\msvcrt.dll
0x00007ffeda4c0000 - 0x00007ffeda55c000 	C:\WINDOWS\System32\sechost.dll
0x00007ffedacb0000 - 0x00007ffedadd5000 	C:\WINDOWS\System32\RPCRT4.dll
0x00007ffeda6c0000 - 0x00007ffeda861000 	C:\WINDOWS\System32\USER32.dll
0x00007ffed9530000 - 0x00007ffed9552000 	C:\WINDOWS\System32\win32u.dll
0x00007ffeda430000 - 0x00007ffeda45b000 	C:\WINDOWS\System32\GDI32.dll
0x00007ffed96d0000 - 0x00007ffed97df000 	C:\WINDOWS\System32\gdi32full.dll
0x00007ffed9de0000 - 0x00007ffed9e7d000 	C:\WINDOWS\System32\msvcp_win.dll
0x00007ffed4240000 - 0x00007ffed425a000 	C:\Program Files\Java\jdk-17.0.5\bin\VCRUNTIME140.dll
0x00007ffecff70000 - 0x00007ffed020a000 	C:\WINDOWS\WinSxS\amd64_microsoft.windows.common-controls_6595b64144ccf1df_6.0.19041.1110_none_60b5254171f9507e\COMCTL32.dll
0x00007ffed39c0000 - 0x00007ffed39ca000 	C:\WINDOWS\SYSTEM32\VERSION.dll
0x00007ffedbc10000 - 0x00007ffedbc42000 	C:\WINDOWS\System32\IMM32.DLL
0x00007ffed21e0000 - 0x00007ffed21ec000 	C:\Program Files\Java\jdk-17.0.5\bin\vcruntime140_1.dll
0x00007ffeb32c0000 - 0x00007ffeb334d000 	C:\Program Files\Java\jdk-17.0.5\bin\msvcp140.dll
0x00007ffeaba60000 - 0x00007ffeac622000 	C:\Program Files\Java\jdk-17.0.5\bin\server\jvm.dll
0x00007ffedb8b0000 - 0x00007ffedb8b8000 	C:\WINDOWS\System32\PSAPI.DLL
0x00007ffed6e60000 - 0x00007ffed6e69000 	C:\WINDOWS\SYSTEM32\WSOCK32.dll
0x00007ffedbba0000 - 0x00007ffedbc0b000 	C:\WINDOWS\System32\WS2_32.dll
0x00007ffec8520000 - 0x00007ffec8547000 	C:\WINDOWS\SYSTEM32\WINMM.dll
0x00007ffed73f0000 - 0x00007ffed7402000 	C:\WINDOWS\SYSTEM32\kernel.appcore.dll
0x00007ffed2060000 - 0x00007ffed206a000 	C:\Program Files\Java\jdk-17.0.5\bin\jimage.dll
0x00007ffec4010000 - 0x00007ffec41f4000 	C:\WINDOWS\SYSTEM32\DBGHELP.DLL
0x00007ffec35c0000 - 0x00007ffec35f5000 	C:\WINDOWS\SYSTEM32\dbgcore.DLL
0x00007ffed9c50000 - 0x00007ffed9cd2000 	C:\WINDOWS\System32\bcryptPrimitives.dll
0x00007ffecfd50000 - 0x00007ffecfd75000 	C:\Program Files\Java\jdk-17.0.5\bin\java.dll
0x00007ffeab980000 - 0x00007ffeaba56000 	C:\Program Files\Java\jdk-17.0.5\bin\jsvml.dll
0x00007ffedb100000 - 0x00007ffedb844000 	C:\WINDOWS\System32\SHELL32.dll
0x00007ffed75f0000 - 0x00007ffed7d82000 	C:\WINDOWS\SYSTEM32\windows.storage.dll
0x00007ffeda950000 - 0x00007ffedaca5000 	C:\WINDOWS\System32\combase.dll
0x00007ffed8eb0000 - 0x00007ffed8ee0000 	C:\WINDOWS\SYSTEM32\Wldp.dll
0x00007ffedbc50000 - 0x00007ffedbcfd000 	C:\WINDOWS\System32\SHCORE.dll
0x00007ffedaf70000 - 0x00007ffedafc5000 	C:\WINDOWS\System32\shlwapi.dll
0x00007ffed9470000 - 0x00007ffed948f000 	C:\WINDOWS\SYSTEM32\profapi.dll
0x00007ffed2040000 - 0x00007ffed2059000 	C:\Program Files\Java\jdk-17.0.5\bin\net.dll
0x00007ffed0b20000 - 0x00007ffed0c2c000 	C:\WINDOWS\SYSTEM32\WINHTTP.dll
0x00007ffed8c10000 - 0x00007ffed8c7a000 	C:\WINDOWS\system32\mswsock.dll
0x00007ffecfd30000 - 0x00007ffecfd46000 	C:\Program Files\Java\jdk-17.0.5\bin\nio.dll
0x00007ffeccf80000 - 0x00007ffeccf98000 	C:\Program Files\Java\jdk-17.0.5\bin\zip.dll
0x00007ffecd6c0000 - 0x00007ffecd6c9000 	C:\Program Files\Java\jdk-17.0.5\bin\management.dll
0x00007ffeccf70000 - 0x00007ffeccf7b000 	C:\Program Files\Java\jdk-17.0.5\bin\management_ext.dll
0x00007ffebfa10000 - 0x00007ffebfa27000 	C:\WINDOWS\system32\napinsp.dll
0x00007ffebf9f0000 - 0x00007ffebfa0b000 	C:\WINDOWS\system32\pnrpnsp.dll
0x00007ffebf9d0000 - 0x00007ffebf9e5000 	C:\WINDOWS\system32\wshbth.dll
0x00007ffed4f20000 - 0x00007ffed4f3d000 	C:\WINDOWS\system32\NLAapi.dll
0x00007ffed8900000 - 0x00007ffed893b000 	C:\WINDOWS\SYSTEM32\IPHLPAPI.DLL
0x00007ffed8940000 - 0x00007ffed8a0a000 	C:\WINDOWS\SYSTEM32\DNSAPI.dll
0x00007ffedbd00000 - 0x00007ffedbd08000 	C:\WINDOWS\System32\NSI.dll
0x00007ffebf9b0000 - 0x00007ffebf9c2000 	C:\WINDOWS\System32\winrnr.dll
0x00007ffecd2d0000 - 0x00007ffecd2da000 	C:\Windows\System32\rasadhlp.dll
0x00007ffecf880000 - 0x00007ffecf900000 	C:\WINDOWS\System32\fwpuclnt.dll
0x00007ffed9c20000 - 0x00007ffed9c47000 	C:\WINDOWS\System32\bcrypt.dll
0x00007ffed8e10000 - 0x00007ffed8e28000 	C:\WINDOWS\SYSTEM32\CRYPTSP.dll
0x00007ffed8530000 - 0x00007ffed8564000 	C:\WINDOWS\system32\rsaenh.dll
0x00007ffed9430000 - 0x00007ffed945e000 	C:\WINDOWS\SYSTEM32\USERENV.dll
0x00007ffed8e00000 - 0x00007ffed8e0c000 	C:\WINDOWS\SYSTEM32\CRYPTBASE.dll
0x00007ffed15e0000 - 0x00007ffed15f7000 	C:\WINDOWS\SYSTEM32\dhcpcsvc6.DLL
0x00007ffed1c60000 - 0x00007ffed1c7d000 	C:\WINDOWS\SYSTEM32\dhcpcsvc.DLL
0x00007ffec8a20000 - 0x00007ffec8a30000 	C:\Program Files\Java\jdk-17.0.5\bin\verify.dll
0x00007ffec8a10000 - 0x00007ffec8a1e000 	C:\Program Files\Java\jdk-17.0.5\bin\sunmscapi.dll
0x00007ffed97e0000 - 0x00007ffed9936000 	C:\WINDOWS\System32\CRYPT32.dll
0x00007ffed8f20000 - 0x00007ffed8f47000 	C:\WINDOWS\SYSTEM32\ncrypt.dll
0x00007ffed8ee0000 - 0x00007ffed8f1b000 	C:\WINDOWS\SYSTEM32\NTASN1.dll

dbghelp: loaded successfully - version: 4.0.5 - missing functions: none
symbol engine: initialized successfully - sym options: 0x614 - pdb path: .;C:\Program Files\Java\jdk-17.0.5\bin;C:\WINDOWS\SYSTEM32;C:\WINDOWS\WinSxS\amd64_microsoft.windows.common-controls_6595b64144ccf1df_6.0.19041.1110_none_60b5254171f9507e;C:\Program Files\Java\jdk-17.0.5\bin\server

VM Arguments:
jvm_args: -Dcom.sun.management.jmxremote -Dcom.sun.management.jmxremote.port=64265 -Dcom.sun.management.jmxremote.authenticate=false -Dcom.sun.management.jmxremote.ssl=false -Djava.rmi.server.hostname=localhost -Dspring.jmx.enabled=true -Dmanagement.endpoints.jmx.exposure.include=* -Dspring.application.admin.enabled=true -XX:TieredStopAtLevel=1 -Dspring.boot.project.name=06- cambio-service -Dfile.encoding=UTF-8 -XX:+ShowCodeDetailsInExceptionMessages 
java_command: cambioservice.Application --spring.output.ansi.enabled=always
java_class_path (initial): C:\Workspace\06- cambio-service\target\classes;C:\Users\Admin\.m2\repository\org\springframework\boot\spring-boot-starter-actuator\3.0.1\spring-boot-starter-actuator-3.0.1.jar;C:\Users\Admin\.m2\repository\org\springframework\boot\spring-boot-starter\3.0.1\spring-boot-starter-3.0.1.jar;C:\Users\Admin\.m2\repository\org\springframework\boot\spring-boot\3.0.1\spring-boot-3.0.1.jar;C:\Users\Admin\.m2\repository\org\springframework\boot\spring-boot-autoconfigure\3.0.1\spring-boot-autoconfigure-3.0.1.jar;C:\Users\Admin\.m2\repository\org\springframework\boot\spring-boot-starter-logging\3.0.1\spring-boot-starter-logging-3.0.1.jar;C:\Users\Admin\.m2\repository\ch\qos\logback\logback-classic\1.4.5\logback-classic-1.4.5.jar;C:\Users\Admin\.m2\repository\ch\qos\logback\logback-core\1.4.5\logback-core-1.4.5.jar;C:\Users\Admin\.m2\repository\org\apache\logging\log4j\log4j-to-slf4j\2.19.0\log4j-to-slf4j-2.19.0.jar;C:\Users\Admin\.m2\repository\org\apache\logging\log4j\log4j-api\2.19.0\log4j-api-2.19.0.jar;C:\Users\Admin\.m2\repository\org\slf4j\jul-to-slf4j\2.0.6\jul-to-slf4j-2.0.6.jar;C:\Users\Admin\.m2\repository\jakarta\annotation\jakarta.annotation-api\2.1.1\jakarta.annotation-api-2.1.1.jar;C:\Users\Admin\.m2\repository\org\yaml\snakeyaml\1.33\snakeyaml-1.33.jar;C:\Users\Admin\.m2\repository\org\springframework\boot\spring-boot-actuator-autoconfigure\3.0.1\spring-boot-actuator-autoconfigure-3.0.1.jar;C:\Users\Admin\.m2\repository\org\springframework\boot\spring-boot-actuator\3.0.1\spring-boot-actuator-3.0.1.jar;C:\Users\Admin\.m2\repository\com\fasterxml\jackson\core\jackson-databind\2.14.1\jackson-databind-2.14.1.jar;C:\Users\Admin\.m2\repository\com\fasterxml\jackson\core\jackson-annotations\2.14.1\jackson-annotations-2.14.1.jar;C:\Users\Admin\.m2\repository\com\fasterxml\jackson\core\jackson-core\2.14.1\jackson-core-2.14.1.jar;C:\Users\Admin\.m2\repository\com\fasterxml\jackson\datatype\jackson-datatype-jsr310\2.14.1\jackson-datatype-jsr310-2.
Launcher Type: SUN_STANDARD

[Global flags]
     intx CICompilerCount                          = 3                                         {product} {ergonomic}
     uint ConcGCThreads                            = 1                                         {product} {ergonomic}
     uint G1ConcRefinementThreads                  = 4                                         {product} {ergonomic}
   size_t G1HeapRegionSize                         = 1048576                                   {product} {ergonomic}
    uintx GCDrainStackTargetSize                   = 64                                        {product} {ergonomic}
   size_t InitialHeapSize                          = 134217728                                 {product} {ergonomic}
     bool ManagementServer                         = true                                      {product} {command line}
   size_t MarkStackSize                            = 4194304                                   {product} {ergonomic}
   size_t MaxHeapSize                              = 2122317824                                {product} {ergonomic}
   size_t MaxNewSize                               = 1272971264                                {product} {ergonomic}
   size_t MinHeapDeltaBytes                        = 1048576                                   {product} {ergonomic}
   size_t MinHeapSize                              = 8388608                                   {product} {ergonomic}
    uintx NonProfiledCodeHeapSize                  = 0                                      {pd product} {ergonomic}
     bool ProfileInterpreter                       = false                                  {pd product} {command line}
    uintx ProfiledCodeHeapSize                     = 0                                      {pd product} {ergonomic}
     bool ShowCodeDetailsInExceptionMessages       = true                                   {manageable} {command line}
   size_t SoftMaxHeapSize                          = 2122317824                             {manageable} {ergonomic}
     intx TieredStopAtLevel                        = 1                                         {product} {command line}
     bool UseCompressedClassPointers               = true                           {product lp64_product} {ergonomic}
     bool UseCompressedOops                        = true                           {product lp64_product} {ergonomic}
     bool UseG1GC                                  = true                                      {product} {ergonomic}
     bool UseLargePagesIndividualAllocation        = false                                  {pd product} {ergonomic}

Logging:
Log output configuration:
 #0: stdout all=warning uptime,level,tags
 #1: stderr all=off uptime,level,tags

Environment Variables:
JAVA_HOME=C:\Program Files\OpenJDK\openjdk-11.0.16_8
PATH=C:/sts-4.17.1.RELEASE//plugins/org.eclipse.justj.openjdk.hotspot.jre.full.win32.x86_64_17.0.5.v20221102-0933/jre/bin/server;C:/sts-4.17.1.RELEASE//plugins/org.eclipse.justj.openjdk.hotspot.jre.full.win32.x86_64_17.0.5.v20221102-0933/jre/bin;C:\Program Files\Common Files\Oracle\Java\javapath;C:\WINDOWS\system32;C:\WINDOWS;C:\WINDOWS\System32\Wbem;C:\WINDOWS\System32\WindowsPowerShell\v1.0\;C:\Program Files (x86)\Intel\Intel(R) Management Engine Components\DAL;C:\Program Files\Intel\Intel(R) Management Engine Components\DAL;C:\ProgramData\chocolatey\bin;C:\Program Files\OpenJDK\openjdk-11.0.16_8\bin;C:\Program Files\Git\cmd;C:\Program Files (x86)\Yarn\bin\;C:\Program Files\nodejs\;C:\WINDOWS\System32\OpenSSH\;C:\Program Files\Docker\Docker\resources\bin;C:\WINDOWS\system32\config\systemprofile\AppData\Roaming\npm;C:\Users\Admin\AppData\Local\Yarn\bin;C:\Users\Admin\AppData\Roaming\npm;C:\Python311\Scripts\;C:\Python311\;C:\Program Files\Common Files\Oracle\Java\javapath;C:\WINDOWS\system32;C:\WINDOWS;C:\WINDOWS\System32\Wbem;C:\WINDOWS\System32\WindowsPowerShell\v1.0\;C:\Program Files (x86)\Intel\Intel(R) Management Engine Components\DAL;C:\Program Files\Intel\Intel(R) Management Engine Components\DAL;C:\ProgramData\chocolatey\bin;C:\Program Files\OpenJDK\openjdk-11.0.16_8\bin;C:\Program Files\Git\cmd;C:\Program Files (x86)\Yarn\bin\;C:\Program Files\nodejs\;C:\Users\Admin\AppData\Roaming\npm\node_modules\@angular\cli\bin;C:\Users\Admin\AppData\Local\Programs\Microsoft VS Code\bin;C:\Users\Admin\AppData\Local\Microsoft\WindowsApps;;C:\sts-4.17.1.RELEASE;
USERNAME=Admin
OS=Windows_NT
PROCESSOR_IDENTIFIER=Intel64 Family 6 Model 142 Stepping 9, GenuineIntel



---------------  S Y S T E M  ---------------

OS:
 Windows 10 , 64 bit Build 19041 (10.0.19041.2364)
OS uptime: 4 days 7:42 hours

CPU: total 4 (initial active 4) (2 cores per cpu, 2 threads per core) family 6 model 142 stepping 9 microcode 0xec, cx8, cmov, fxsr, ht, mmx, 3dnowpref, sse, sse2, sse3, ssse3, sse4.1, sse4.2, popcnt, lzcnt, tsc, tscinvbit, avx, avx2, aes, erms, clmul, bmi1, bmi2, adx, fma, vzeroupper, clflush, clflushopt

Memory: 4k page, system-wide physical 8090M (309M free)
TotalPageFile size 10090M (AvailPageFile size 32M)
current process WorkingSet (physical memory assigned to process): 208M, peak: 208M
current process commit charge ("private bytes"): 241M, peak: 245M

vm_info: Java HotSpot(TM) 64-Bit Server VM (17.0.5+9-LTS-191) for windows-amd64 JRE (17.0.5+9-LTS-191), built on Sep 13 2022 17:31:43 by "mach5one" with MS VC++ 16.8 / 16.9 (VS2019)

END.
